Determining if the pthread_create exist failed with the following output:
Change Dir: /home/sns/src/run-length-encoding/cgreen/CMakeFiles/CMakeTmp

Run Build Command:/usr/bin/gmake "cmTryCompileExec3854740872/fast"
/usr/bin/gmake -f CMakeFiles/cmTryCompileExec3854740872.dir/build.make CMakeFiles/cmTryCompileExec3854740872.dir/build
gmake[1]: Entering directory `/home/sns/src/run-length-encoding/cgreen/CMakeFiles/CMakeTmp'
/usr/bin/cmake -E cmake_progress_report /home/sns/src/run-length-encoding/cgreen/CMakeFiles/CMakeTmp/CMakeFiles 1
Building C object CMakeFiles/cmTryCompileExec3854740872.dir/CheckSymbolExists.c.o
/usr/bin/cc    -o CMakeFiles/cmTryCompileExec3854740872.dir/CheckSymbolExists.c.o   -c /home/sns/src/run-length-encoding/cgreen/CMakeFiles/CMakeTmp/CheckSymbolExists.c
Linking C executable cmTryCompileExec3854740872
/usr/bin/cmake -E cmake_link_script CMakeFiles/cmTryCompileExec3854740872.dir/link.txt --verbose=1
/usr/bin/cc       CMakeFiles/cmTryCompileExec3854740872.dir/CheckSymbolExists.c.o  -o cmTryCompileExec3854740872 -rdynamic 
CMakeFiles/cmTryCompileExec3854740872.dir/CheckSymbolExists.c.o: In function `main':
CheckSymbolExists.c:(.text+0x16): undefined reference to `pthread_create'
collect2: error: ld returned 1 exit status
gmake[1]: *** [cmTryCompileExec3854740872] Error 1
gmake[1]: Leaving directory `/home/sns/src/run-length-encoding/cgreen/CMakeFiles/CMakeTmp'
gmake: *** [cmTryCompileExec3854740872/fast] Error 2

File /home/sns/src/run-length-encoding/cgreen/CMakeFiles/CMakeTmp/CheckSymbolExists.c:
/* */
#include <pthread.h>

int main(int argc, char** argv)
{
  (void)argv;
#ifndef pthread_create
  return ((int*)(&pthread_create))[argc];
#else
  (void)argc;
  return 0;
#endif
}

Determining if the function pthread_create exists in the pthreads failed with the following output:
Change Dir: /home/sns/src/run-length-encoding/cgreen/CMakeFiles/CMakeTmp

Run Build Command:/usr/bin/gmake "cmTryCompileExec1291774671/fast"
/usr/bin/gmake -f CMakeFiles/cmTryCompileExec1291774671.dir/build.make CMakeFiles/cmTryCompileExec1291774671.dir/build
gmake[1]: Entering directory `/home/sns/src/run-length-encoding/cgreen/CMakeFiles/CMakeTmp'
/usr/bin/cmake -E cmake_progress_report /home/sns/src/run-length-encoding/cgreen/CMakeFiles/CMakeTmp/CMakeFiles 1
Building C object CMakeFiles/cmTryCompileExec1291774671.dir/CheckFunctionExists.c.o
/usr/bin/cc   -DCHECK_FUNCTION_EXISTS=pthread_create   -o CMakeFiles/cmTryCompileExec1291774671.dir/CheckFunctionExists.c.o   -c /usr/share/cmake/Modules/CheckFunctionExists.c
Linking C executable cmTryCompileExec1291774671
/usr/bin/cmake -E cmake_link_script CMakeFiles/cmTryCompileExec1291774671.dir/link.txt --verbose=1
/usr/bin/cc   -DCHECK_FUNCTION_EXISTS=pthread_create    CMakeFiles/cmTryCompileExec1291774671.dir/CheckFunctionExists.c.o  -o cmTryCompileExec1291774671 -rdynamic -lpthreads 
/usr/bin/ld: cannot find -lpthreads
collect2: error: ld returned 1 exit status
gmake[1]: *** [cmTryCompileExec1291774671] Error 1
gmake[1]: Leaving directory `/home/sns/src/run-length-encoding/cgreen/CMakeFiles/CMakeTmp'
gmake: *** [cmTryCompileExec1291774671/fast] Error 2


